\BOOKMARK [0][-]{chapter.1}{Introduction}{}% 1
\BOOKMARK [0][-]{chapter.2}{Theory}{}% 2
\BOOKMARK [1][-]{section.2.1}{The object}{chapter.2}% 3
\BOOKMARK [2][-]{subsection.2.1.1}{Herbig Ae/Be stars}{section.2.1}% 4
\BOOKMARK [0][-]{chapter.3}{Methodology}{}% 5
\BOOKMARK [1][-]{section.3.1}{Basic reduction steps}{chapter.3}% 6
\BOOKMARK [2][-]{subsection.3.1.1}{Masterdark}{section.3.1}% 7
\BOOKMARK [2][-]{subsection.3.1.2}{Detector flat}{section.3.1}% 8
\BOOKMARK [2][-]{subsection.3.1.3}{Instrument flat}{section.3.1}% 9
\BOOKMARK [2][-]{subsection.3.1.4}{Spectra positioning}{section.3.1}% 10
\BOOKMARK [2][-]{subsection.3.1.5}{Wavelength calibration}{section.3.1}% 11
\BOOKMARK [2][-]{subsection.3.1.6}{Distortion map}{section.3.1}% 12
\BOOKMARK [1][-]{section.3.2}{Post-processing methods}{chapter.3}% 13
\BOOKMARK [2][-]{subsection.3.2.1}{Reference star differential imaging}{section.3.2}% 14
\BOOKMARK [2][-]{subsection.3.2.2}{Angular differential imaging}{section.3.2}% 15
\BOOKMARK [2][-]{subsection.3.2.3}{Spectral differential imaging}{section.3.2}% 16
\BOOKMARK [0][-]{chapter.4}{Expected achievements}{}% 17
\BOOKMARK [0][-]{chapter.5}{Data management plan and developing skills}{}% 18
\BOOKMARK [1][-]{section.5.1}{Data management plan}{chapter.5}% 19
\BOOKMARK [1][-]{section.5.2}{Developing skills}{chapter.5}% 20
\BOOKMARK [0][-]{chapter.6}{Planning}{}% 21
