This is pdfTeX, Version 3.14159265-2.6-1.40.18 (TeX Live 2017/Debian) (preloaded format=pdflatex 2018.9.4)  4 SEP 2018 21:42
entering extended mode
 restricted \write18 enabled.
 %&-line parsing enabled.
**Thesis.tex
(./Thesis.tex
LaTeX2e <2017-04-15>
Babel <3.18> and hyphenation patterns for 84 language(s) loaded.
(./lion-msc.cls

Document Class: lion-msc 2017/03/17 v0.27

Leiden Institute of Physics thesis class - version 0.27

Copyright (c) 2014 Michiel de Dood
Please send questions, comments, additions, complaints to:
dood@physics.leidenuniv.nl

loading report class
single linespacing
(/usr/share/texlive/texmf-dist/tex/latex/base/report.cls
Document Class: report 2014/09/29 v1.4h Standard LaTeX document class
(/usr/share/texlive/texmf-dist/tex/latex/base/fleqn.clo
File: fleqn.clo 2016/12/29 v1.2a Standard LaTeX option (flush left equations)
\mathindent=\dimen102
Applying: [2015/01/01] Make \[ robust on input line 50.
LaTeX Info: Redefining \[ on input line 51.
Already applied: [0000/00/00] Make \[ robust on input line 62.
Applying: [2015/01/01] Make \] robust on input line 74.
LaTeX Info: Redefining \] on input line 75.
Already applied: [0000/00/00] Make \] robust on input line 83.
)
(/usr/share/texlive/texmf-dist/tex/latex/base/size12.clo
File: size12.clo 2014/09/29 v1.4h Standard LaTeX file (size option)
)
\c@part=\count79
\c@chapter=\count80
\c@section=\count81
\c@subsection=\count82
\c@subsubsection=\count83
\c@paragraph=\count84
\c@subparagraph=\count85
\c@figure=\count86
\c@table=\count87
\abovecaptionskip=\skip41
\belowcaptionskip=\skip42
\bibindent=\dimen103
)
(/usr/share/texlive/texmf-dist/tex/latex/natbib/natbib.sty
Package: natbib 2010/09/13 8.31b (PWD, AO)
\bibhang=\skip43
\bibsep=\skip44
LaTeX Info: Redefining \cite on input line 694.
\c@NAT@ctr=\count88
)
(/usr/share/texlive/texmf-dist/tex/latex/base/inputenc.sty
Package: inputenc 2015/03/17 v1.2c Input encoding file
\inpenc@prehook=\toks14
\inpenc@posthook=\toks15

(/usr/share/texlive/texmf-dist/tex/latex/base/utf8.def
File: utf8.def 2017/01/28 v1.1t UTF-8 support for inputenc
Now handling font encoding OML ...
... no UTF-8 mapping file for font encoding OML
Now handling font encoding T1 ...
... processing UTF-8 mapping file for font encoding T1

(/usr/share/texlive/texmf-dist/tex/latex/base/t1enc.dfu
File: t1enc.dfu 2017/01/28 v1.1t UTF-8 support for inputenc
   defining Unicode char U+00A0 (decimal 160)
   defining Unicode char U+00A1 (decimal 161)
   defining Unicode char U+00A3 (decimal 163)
   defining Unicode char U+00AB (decimal 171)
   defining Unicode char U+00AD (decimal 173)
   defining Unicode char U+00BB (decimal 187)
   defining Unicode char U+00BF (decimal 191)
   defining Unicode char U+00C0 (decimal 192)
   defining Unicode char U+00C1 (decimal 193)
   defining Unicode char U+00C2 (decimal 194)
   defining Unicode char U+00C3 (decimal 195)
   defining Unicode char U+00C4 (decimal 196)
   defining Unicode char U+00C5 (decimal 197)
   defining Unicode char U+00C6 (decimal 198)
   defining Unicode char U+00C7 (decimal 199)
   defining Unicode char U+00C8 (decimal 200)
   defining Unicode char U+00C9 (decimal 201)
   defining Unicode char U+00CA (decimal 202)
   defining Unicode char U+00CB (decimal 203)
   defining Unicode char U+00CC (decimal 204)
   defining Unicode char U+00CD (decimal 205)
   defining Unicode char U+00CE (decimal 206)
   defining Unicode char U+00CF (decimal 207)
   defining Unicode char U+00D0 (decimal 208)
   defining Unicode char U+00D1 (decimal 209)
   defining Unicode char U+00D2 (decimal 210)
   defining Unicode char U+00D3 (decimal 211)
   defining Unicode char U+00D4 (decimal 212)
   defining Unicode char U+00D5 (decimal 213)
   defining Unicode char U+00D6 (decimal 214)
   defining Unicode char U+00D8 (decimal 216)
   defining Unicode char U+00D9 (decimal 217)
   defining Unicode char U+00DA (decimal 218)
   defining Unicode char U+00DB (decimal 219)
   defining Unicode char U+00DC (decimal 220)
   defining Unicode char U+00DD (decimal 221)
   defining Unicode char U+00DE (decimal 222)
   defining Unicode char U+00DF (decimal 223)
   defining Unicode char U+00E0 (decimal 224)
   defining Unicode char U+00E1 (decimal 225)
   defining Unicode char U+00E2 (decimal 226)
   defining Unicode char U+00E3 (decimal 227)
   defining Unicode char U+00E4 (decimal 228)
   defining Unicode char U+00E5 (decimal 229)
   defining Unicode char U+00E6 (decimal 230)
   defining Unicode char U+00E7 (decimal 231)
   defining Unicode char U+00E8 (decimal 232)
   defining Unicode char U+00E9 (decimal 233)
   defining Unicode char U+00EA (decimal 234)
   defining Unicode char U+00EB (decimal 235)
   defining Unicode char U+00EC (decimal 236)
   defining Unicode char U+00ED (decimal 237)
   defining Unicode char U+00EE (decimal 238)
   defining Unicode char U+00EF (decimal 239)
   defining Unicode char U+00F0 (decimal 240)
   defining Unicode char U+00F1 (decimal 241)
   defining Unicode char U+00F2 (decimal 242)
   defining Unicode char U+00F3 (decimal 243)
   defining Unicode char U+00F4 (decimal 244)
   defining Unicode char U+00F5 (decimal 245)
   defining Unicode char U+00F6 (decimal 246)
   defining Unicode char U+00F8 (decimal 248)
   defining Unicode char U+00F9 (decimal 249)
   defining Unicode char U+00FA (decimal 250)
   defining Unicode char U+00FB (decimal 251)
   defining Unicode char U+00FC (decimal 252)
   defining Unicode char U+00FD (decimal 253)
   defining Unicode char U+00FE (decimal 254)
   defining Unicode char U+00FF (decimal 255)
   defining Unicode char U+0100 (decimal 256)
   defining Unicode char U+0101 (decimal 257)
   defining Unicode char U+0102 (decimal 258)
   defining Unicode char U+0103 (decimal 259)
   defining Unicode char U+0104 (decimal 260)
   defining Unicode char U+0105 (decimal 261)
   defining Unicode char U+0106 (decimal 262)
   defining Unicode char U+0107 (decimal 263)
   defining Unicode char U+0108 (decimal 264)
   defining Unicode char U+0109 (decimal 265)
   defining Unicode char U+010A (decimal 266)
   defining Unicode char U+010B (decimal 267)
   defining Unicode char U+010C (decimal 268)
   defining Unicode char U+010D (decimal 269)
   defining Unicode char U+010E (decimal 270)
   defining Unicode char U+010F (decimal 271)
   defining Unicode char U+0110 (decimal 272)
   defining Unicode char U+0111 (decimal 273)
   defining Unicode char U+0112 (decimal 274)
   defining Unicode char U+0113 (decimal 275)
   defining Unicode char U+0114 (decimal 276)
   defining Unicode char U+0115 (decimal 277)
   defining Unicode char U+0116 (decimal 278)
   defining Unicode char U+0117 (decimal 279)
   defining Unicode char U+0118 (decimal 280)
   defining Unicode char U+0119 (decimal 281)
   defining Unicode char U+011A (decimal 282)
   defining Unicode char U+011B (decimal 283)
   defining Unicode char U+011C (decimal 284)
   defining Unicode char U+011D (decimal 285)
   defining Unicode char U+011E (decimal 286)
   defining Unicode char U+011F (decimal 287)
   defining Unicode char U+0120 (decimal 288)
   defining Unicode char U+0121 (decimal 289)
   defining Unicode char U+0122 (decimal 290)
   defining Unicode char U+0123 (decimal 291)
   defining Unicode char U+0124 (decimal 292)
   defining Unicode char U+0125 (decimal 293)
   defining Unicode char U+0128 (decimal 296)
   defining Unicode char U+0129 (decimal 297)
   defining Unicode char U+012A (decimal 298)
   defining Unicode char U+012B (decimal 299)
   defining Unicode char U+012C (decimal 300)
   defining Unicode char U+012D (decimal 301)
   defining Unicode char U+012E (decimal 302)
   defining Unicode char U+012F (decimal 303)
   defining Unicode char U+0130 (decimal 304)
   defining Unicode char U+0131 (decimal 305)
   defining Unicode char U+0132 (decimal 306)
   defining Unicode char U+0133 (decimal 307)
   defining Unicode char U+0134 (decimal 308)
   defining Unicode char U+0135 (decimal 309)
   defining Unicode char U+0136 (decimal 310)
   defining Unicode char U+0137 (decimal 311)
   defining Unicode char U+0139 (decimal 313)
   defining Unicode char U+013A (decimal 314)
   defining Unicode char U+013B (decimal 315)
   defining Unicode char U+013C (decimal 316)
   defining Unicode char U+013D (decimal 317)
   defining Unicode char U+013E (decimal 318)
   defining Unicode char U+0141 (decimal 321)
   defining Unicode char U+0142 (decimal 322)
   defining Unicode char U+0143 (decimal 323)
   defining Unicode char U+0144 (decimal 324)
   defining Unicode char U+0145 (decimal 325)
   defining Unicode char U+0146 (decimal 326)
   defining Unicode char U+0147 (decimal 327)
   defining Unicode char U+0148 (decimal 328)
   defining Unicode char U+014A (decimal 330)
   defining Unicode char U+014B (decimal 331)
   defining Unicode char U+014C (decimal 332)
   defining Unicode char U+014D (decimal 333)
   defining Unicode char U+014E (decimal 334)
   defining Unicode char U+014F (decimal 335)
   defining Unicode char U+0150 (decimal 336)
   defining Unicode char U+0151 (decimal 337)
   defining Unicode char U+0152 (decimal 338)
   defining Unicode char U+0153 (decimal 339)
   defining Unicode char U+0154 (decimal 340)
   defining Unicode char U+0155 (decimal 341)
   defining Unicode char U+0156 (decimal 342)
   defining Unicode char U+0157 (decimal 343)
   defining Unicode char U+0158 (decimal 344)
   defining Unicode char U+0159 (decimal 345)
   defining Unicode char U+015A (decimal 346)
   defining Unicode char U+015B (decimal 347)
   defining Unicode char U+015C (decimal 348)
   defining Unicode char U+015D (decimal 349)
   defining Unicode char U+015E (decimal 350)
   defining Unicode char U+015F (decimal 351)
   defining Unicode char U+0160 (decimal 352)
   defining Unicode char U+0161 (decimal 353)
   defining Unicode char U+0162 (decimal 354)
   defining Unicode char U+0163 (decimal 355)
   defining Unicode char U+0164 (decimal 356)
   defining Unicode char U+0165 (decimal 357)
   defining Unicode char U+0168 (decimal 360)
   defining Unicode char U+0169 (decimal 361)
   defining Unicode char U+016A (decimal 362)
   defining Unicode char U+016B (decimal 363)
   defining Unicode char U+016C (decimal 364)
   defining Unicode char U+016D (decimal 365)
   defining Unicode char U+016E (decimal 366)
   defining Unicode char U+016F (decimal 367)
   defining Unicode char U+0170 (decimal 368)
   defining Unicode char U+0171 (decimal 369)
   defining Unicode char U+0172 (decimal 370)
   defining Unicode char U+0173 (decimal 371)
   defining Unicode char U+0174 (decimal 372)
   defining Unicode char U+0175 (decimal 373)
   defining Unicode char U+0176 (decimal 374)
   defining Unicode char U+0177 (decimal 375)
   defining Unicode char U+0178 (decimal 376)
   defining Unicode char U+0179 (decimal 377)
   defining Unicode char U+017A (decimal 378)
   defining Unicode char U+017B (decimal 379)
   defining Unicode char U+017C (decimal 380)
   defining Unicode char U+017D (decimal 381)
   defining Unicode char U+017E (decimal 382)
   defining Unicode char U+01CD (decimal 461)
   defining Unicode char U+01CE (decimal 462)
   defining Unicode char U+01CF (decimal 463)
   defining Unicode char U+01D0 (decimal 464)
   defining Unicode char U+01D1 (decimal 465)
   defining Unicode char U+01D2 (decimal 466)
   defining Unicode char U+01D3 (decimal 467)
   defining Unicode char U+01D4 (decimal 468)
   defining Unicode char U+01E2 (decimal 482)
   defining Unicode char U+01E3 (decimal 483)
   defining Unicode char U+01E6 (decimal 486)
   defining Unicode char U+01E7 (decimal 487)
   defining Unicode char U+01E8 (decimal 488)
   defining Unicode char U+01E9 (decimal 489)
   defining Unicode char U+01EA (decimal 490)
   defining Unicode char U+01EB (decimal 491)
   defining Unicode char U+01F0 (decimal 496)
   defining Unicode char U+01F4 (decimal 500)
   defining Unicode char U+01F5 (decimal 501)
   defining Unicode char U+0218 (decimal 536)
   defining Unicode char U+0219 (decimal 537)
   defining Unicode char U+021A (decimal 538)
   defining Unicode char U+021B (decimal 539)
   defining Unicode char U+0232 (decimal 562)
   defining Unicode char U+0233 (decimal 563)
   defining Unicode char U+1E02 (decimal 7682)
   defining Unicode char U+1E03 (decimal 7683)
   defining Unicode char U+200C (decimal 8204)
   defining Unicode char U+2010 (decimal 8208)
   defining Unicode char U+2011 (decimal 8209)
   defining Unicode char U+2012 (decimal 8210)
   defining Unicode char U+2013 (decimal 8211)
   defining Unicode char U+2014 (decimal 8212)
   defining Unicode char U+2015 (decimal 8213)
   defining Unicode char U+2018 (decimal 8216)
   defining Unicode char U+2019 (decimal 8217)
   defining Unicode char U+201A (decimal 8218)
   defining Unicode char U+201C (decimal 8220)
   defining Unicode char U+201D (decimal 8221)
   defining Unicode char U+201E (decimal 8222)
   defining Unicode char U+2030 (decimal 8240)
   defining Unicode char U+2031 (decimal 8241)
   defining Unicode char U+2039 (decimal 8249)
   defining Unicode char U+203A (decimal 8250)
   defining Unicode char U+2423 (decimal 9251)
   defining Unicode char U+1E20 (decimal 7712)
   defining Unicode char U+1E21 (decimal 7713)
)
Now handling font encoding OT1 ...
... processing UTF-8 mapping file for font encoding OT1

(/usr/share/texlive/texmf-dist/tex/latex/base/ot1enc.dfu
File: ot1enc.dfu 2017/01/28 v1.1t UTF-8 support for inputenc
   defining Unicode char U+00A0 (decimal 160)
   defining Unicode char U+00A1 (decimal 161)
   defining Unicode char U+00A3 (decimal 163)
   defining Unicode char U+00AD (decimal 173)
   defining Unicode char U+00B8 (decimal 184)
   defining Unicode char U+00BF (decimal 191)
   defining Unicode char U+00C5 (decimal 197)
   defining Unicode char U+00C6 (decimal 198)
   defining Unicode char U+00D8 (decimal 216)
   defining Unicode char U+00DF (decimal 223)
   defining Unicode char U+00E6 (decimal 230)
   defining Unicode char U+00EC (decimal 236)
   defining Unicode char U+00ED (decimal 237)
   defining Unicode char U+00EE (decimal 238)
   defining Unicode char U+00EF (decimal 239)
   defining Unicode char U+00F8 (decimal 248)
   defining Unicode char U+0131 (decimal 305)
   defining Unicode char U+0141 (decimal 321)
   defining Unicode char U+0142 (decimal 322)
   defining Unicode char U+0152 (decimal 338)
   defining Unicode char U+0153 (decimal 339)
   defining Unicode char U+0174 (decimal 372)
   defining Unicode char U+0175 (decimal 373)
   defining Unicode char U+0176 (decimal 374)
   defining Unicode char U+0177 (decimal 375)
   defining Unicode char U+0218 (decimal 536)
   defining Unicode char U+0219 (decimal 537)
   defining Unicode char U+021A (decimal 538)
   defining Unicode char U+021B (decimal 539)
   defining Unicode char U+2013 (decimal 8211)
   defining Unicode char U+2014 (decimal 8212)
   defining Unicode char U+2018 (decimal 8216)
   defining Unicode char U+2019 (decimal 8217)
   defining Unicode char U+201C (decimal 8220)
   defining Unicode char U+201D (decimal 8221)
)
Now handling font encoding OMS ...
... processing UTF-8 mapping file for font encoding OMS

(/usr/share/texlive/texmf-dist/tex/latex/base/omsenc.dfu
File: omsenc.dfu 2017/01/28 v1.1t UTF-8 support for inputenc
   defining Unicode char U+00A7 (decimal 167)
   defining Unicode char U+00B6 (decimal 182)
   defining Unicode char U+00B7 (decimal 183)
   defining Unicode char U+2020 (decimal 8224)
   defining Unicode char U+2021 (decimal 8225)
   defining Unicode char U+2022 (decimal 8226)
)
Now handling font encoding OMX ...
... no UTF-8 mapping file for font encoding OMX
Now handling font encoding U ...
... no UTF-8 mapping file for font encoding U
   defining Unicode char U+00A9 (decimal 169)
   defining Unicode char U+00AA (decimal 170)
   defining Unicode char U+00AE (decimal 174)
   defining Unicode char U+00BA (decimal 186)
   defining Unicode char U+02C6 (decimal 710)
   defining Unicode char U+02DC (decimal 732)
   defining Unicode char U+200C (decimal 8204)
   defining Unicode char U+2026 (decimal 8230)
   defining Unicode char U+2122 (decimal 8482)
   defining Unicode char U+2423 (decimal 9251)
)
(/usr/share/texlive/texmf-dist/tex/latex/base/latin9.def
File: latin9.def 2015/03/17 v1.2c Input encoding file
))
(/usr/share/texlive/texmf-dist/tex/latex/psnfss/mathpazo.sty
Package: mathpazo 2005/04/12 PSNFSS-v9.2a Palatino w/ Pazo Math (D.Puga, WaS) 
\symupright=\mathgroup4
)
(/usr/share/texlive/texmf-dist/tex/latex/amsmath/amsmath.sty
Package: amsmath 2017/09/02 v2.17a AMS math features
\@mathmargin=\skip45

For additional information on amsmath, use the `?' option.
(/usr/share/texlive/texmf-dist/tex/latex/amsmath/amstext.sty
Package: amstext 2000/06/29 v2.01 AMS text

(/usr/share/texlive/texmf-dist/tex/latex/amsmath/amsgen.sty
File: amsgen.sty 1999/11/30 v2.0 generic functions
\@emptytoks=\toks16
\ex@=\dimen104
))
(/usr/share/texlive/texmf-dist/tex/latex/amsmath/amsbsy.sty
Package: amsbsy 1999/11/29 v1.2d Bold Symbols
\pmbraise@=\dimen105
)
(/usr/share/texlive/texmf-dist/tex/latex/amsmath/amsopn.sty
Package: amsopn 2016/03/08 v2.02 operator names
)
\inf@bad=\count89
LaTeX Info: Redefining \frac on input line 213.
\uproot@=\count90
\leftroot@=\count91
LaTeX Info: Redefining \overline on input line 375.
\classnum@=\count92
\DOTSCASE@=\count93
LaTeX Info: Redefining \ldots on input line 472.
LaTeX Info: Redefining \dots on input line 475.
LaTeX Info: Redefining \cdots on input line 596.
\Mathstrutbox@=\box26
\strutbox@=\box27
\big@size=\dimen106
LaTeX Font Info:    Redeclaring font encoding OML on input line 712.
LaTeX Font Info:    Redeclaring font encoding OMS on input line 713.
\macc@depth=\count94
\c@MaxMatrixCols=\count95
\dotsspace@=\muskip10
\c@parentequation=\count96
\dspbrk@lvl=\count97
\tag@help=\toks17
\row@=\count98
\column@=\count99
\maxfields@=\count100
\andhelp@=\toks18
\eqnshift@=\dimen107
\alignsep@=\dimen108
\tagshift@=\dimen109
\tagwidth@=\dimen110
\totwidth@=\dimen111
\lineht@=\dimen112
\@envbody=\toks19
\multlinegap=\skip46
\multlinetaggap=\skip47
\mathdisplay@stack=\toks20
LaTeX Info: Redefining \[ on input line 2817.
LaTeX Info: Redefining \] on input line 2818.
)
(/usr/share/texlive/texmf-dist/tex/latex/amsfonts/amssymb.sty
Package: amssymb 2013/01/14 v3.01 AMS font symbols

(/usr/share/texlive/texmf-dist/tex/latex/amsfonts/amsfonts.sty
Package: amsfonts 2013/01/14 v3.01 Basic AMSFonts support
\symAMSa=\mathgroup5
\symAMSb=\mathgroup6
LaTeX Font Info:    Overwriting math alphabet `\mathfrak' in version `bold'
(Font)                  U/euf/m/n --> U/euf/b/n on input line 106.
))
(/usr/share/texlive/texmf-dist/tex/latex/graphics/graphicx.sty
Package: graphicx 2017/06/01 v1.1a Enhanced LaTeX Graphics (DPC,SPQR)

(/usr/share/texlive/texmf-dist/tex/latex/graphics/keyval.sty
Package: keyval 2014/10/28 v1.15 key=value parser (DPC)
\KV@toks@=\toks21
)
(/usr/share/texlive/texmf-dist/tex/latex/graphics/graphics.sty
Package: graphics 2017/06/25 v1.2c Standard LaTeX Graphics (DPC,SPQR)

(/usr/share/texlive/texmf-dist/tex/latex/graphics/trig.sty
Package: trig 2016/01/03 v1.10 sin cos tan (DPC)
)
(/usr/share/texlive/texmf-dist/tex/latex/graphics-cfg/graphics.cfg
File: graphics.cfg 2016/06/04 v1.11 sample graphics configuration
)
Package graphics Info: Driver file: pdftex.def on input line 99.

(/usr/share/texlive/texmf-dist/tex/latex/graphics-def/pdftex.def
File: pdftex.def 2018/01/08 v1.0l Graphics/color driver for pdftex
))
\Gin@req@height=\dimen113
\Gin@req@width=\dimen114
)
(/usr/share/texlive/texmf-dist/tex/latex/caption/caption.sty
Package: caption 2016/02/21 v3.3-144 Customizing captions (AR)

(/usr/share/texlive/texmf-dist/tex/latex/caption/caption3.sty
Package: caption3 2016/05/22 v1.7-166 caption3 kernel (AR)
Package caption3 Info: TeX engine: e-TeX on input line 67.
\captionmargin=\dimen115
\captionmargin@=\dimen116
\captionwidth=\dimen117
\caption@tempdima=\dimen118
\caption@indent=\dimen119
\caption@parindent=\dimen120
\caption@hangindent=\dimen121
)
\c@ContinuedFloat=\count101
)
(/usr/share/texlive/texmf-dist/tex/generic/babel/babel.sty
Package: babel 2018/02/14 3.18 The Babel package

(/usr/share/texlive/texmf-dist/tex/generic/babel/switch.def
File: switch.def 2018/02/14 3.18 Babel switching mechanism
)
(/usr/share/texlive/texmf-dist/tex/generic/babel-english/USenglish.ldf
Language: USenglish 2017/06/06 v3.3r English support from the babel system

(/usr/share/texlive/texmf-dist/tex/generic/babel-english/english.ldf
Language: english 2017/06/06 v3.3r English support from the babel system

(/usr/share/texlive/texmf-dist/tex/generic/babel/babel.def
File: babel.def 2018/02/14 3.18 Babel common definitions
\babel@savecnt=\count102
\U@D=\dimen122

(/usr/share/texlive/texmf-dist/tex/generic/babel/txtbabel.def)
\bbl@dirlevel=\count103
)
\l@canadian = a dialect from \language\l@american 
\l@australian = a dialect from \language\l@british 
\l@newzealand = a dialect from \language\l@british 
)))
(/usr/share/texlive/texmf-dist/tex/latex/datetime/datetime.sty
Package: datetime 2015/03/20 v2.60 Date Time Package

(/usr/share/texlive/texmf-dist/tex/latex/etoolbox/etoolbox.sty
Package: etoolbox 2018/02/11 v2.5e e-TeX tools for LaTeX (JAW)
\etb@tempcnta=\count104
)
(/usr/share/texlive/texmf-dist/tex/latex/fmtcount/fmtcount.sty
Package: fmtcount 2017/12/24 v3.05

(/usr/share/texlive/texmf-dist/tex/latex/base/ifthen.sty
Package: ifthen 2014/09/29 v1.1c Standard LaTeX ifthen package (DPC)
)
(/usr/share/texlive/texmf-dist/tex/latex/xkeyval/xkeyval.sty
Package: xkeyval 2014/12/03 v2.7a package option processing (HA)

(/usr/share/texlive/texmf-dist/tex/generic/xkeyval/xkeyval.tex
(/usr/share/texlive/texmf-dist/tex/generic/xkeyval/xkvutils.tex
\XKV@toks=\toks22
\XKV@tempa@toks=\toks23
)
\XKV@depth=\count105
File: xkeyval.tex 2014/12/03 v2.7a key=value parser (HA)
))
(/usr/share/texlive/texmf-dist/tex/latex/fmtcount/fcprefix.sty
Package: fcprefix 2012/09/28

(/usr/share/texlive/texmf-dist/tex/latex/fmtcount/fcnumparser.sty
Package: fcnumparser 2017/06/15
\fc@digit@counter=\count106
))
\c@padzeroesN=\count107
\fc@tmpcatcode=\count108

(/usr/share/texlive/texmf-dist/tex/latex/fmtcount/fc-english.def
File: fc-english.def 2016/01/12
)
(/usr/share/texlive/texmf-dist/tex/latex/fmtcount/fc-USenglish.def
File: fc-USenglish.def 2013/08/17
)
\@DT@modctr=\count109
\@ordinalctr=\count110
\@orgargctr=\count111
\@strctr=\count112
\@tmpstrctr=\count113
\@DT@loopN=\count114
\@DT@X=\count115
)
(/usr/share/texlive/texmf-dist/tex/latex/datetime/datetime-defaults.sty
Package: datetime-defaults 2013/09/10
)
\@day=\count116
\@month=\count117
\@year=\count118
\c@HOUR=\count119
\c@HOURXII=\count120
\c@MINUTE=\count121
\c@TOHOUR=\count122
\c@TOMINUTE=\count123
\c@SECOND=\count124
\currenthour=\count125
\currentminute=\count126
\currentsecond=\count127
Package datetime Info: No datetime.cfg file found, using default settings on in
put line 308.
\@dtctr=\count128
\dayofyear=\count129
\dayofweek=\count130
LaTeX Info: Redefining \today on input line 736.

(/usr/share/texlive/texmf-dist/tex/latex/datetime/dt-USenglish.def
File: dt-USenglish.def 2013/09/10
)
\dt@a=\toks24
\dt@b=\toks25
)
(/usr/share/texlive/texmf-dist/tex/latex/tools/calc.sty
Package: calc 2014/10/28 v4.3 Infix arithmetic (KKT,FJ)
\calc@Acount=\count131
\calc@Bcount=\count132
\calc@Adimen=\dimen123
\calc@Bdimen=\dimen124
\calc@Askip=\skip48
\calc@Bskip=\skip49
LaTeX Info: Redefining \setlength on input line 80.
LaTeX Info: Redefining \addtolength on input line 81.
\calc@Ccount=\count133
\calc@Cskip=\skip50
)
(/usr/share/texlive/texmf-dist/tex/latex/xcolor/xcolor.sty
Package: xcolor 2016/05/11 v2.12 LaTeX color extensions (UK)

(/usr/share/texlive/texmf-dist/tex/latex/graphics-cfg/color.cfg
File: color.cfg 2016/01/02 v1.6 sample color configuration
)
Package xcolor Info: Driver file: pdftex.def on input line 225.
Package xcolor Info: Model `cmy' substituted by `cmy0' on input line 1348.
Package xcolor Info: Model `hsb' substituted by `rgb' on input line 1352.
Package xcolor Info: Model `RGB' extended on input line 1364.
Package xcolor Info: Model `HTML' substituted by `rgb' on input line 1366.
Package xcolor Info: Model `Hsb' substituted by `hsb' on input line 1367.
Package xcolor Info: Model `tHsb' substituted by `hsb' on input line 1368.
Package xcolor Info: Model `HSB' substituted by `hsb' on input line 1369.
Package xcolor Info: Model `Gray' substituted by `gray' on input line 1370.
Package xcolor Info: Model `wave' substituted by `hsb' on input line 1371.
)
(/usr/share/texlive/texmf-dist/tex/latex/fncychap/fncychap.sty
Package: fncychap 2007/07/30 v1.34 LaTeX package (Revised chapters)
\RW=\skip51
\mylen=\skip52
\myhi=\skip53
\px=\skip54
\py=\skip55
\pyy=\skip56
\pxx=\skip57
)
(/usr/share/texlive/texmf-dist/tex/latex/fancyhdr/fancyhdr.sty
Package: fancyhdr 2017/06/30 v3.9a Extensive control of page headers and footer
s
\f@nch@headwidth=\skip58
\f@nch@O@elh=\skip59
\f@nch@O@erh=\skip60
\f@nch@O@olh=\skip61
\f@nch@O@orh=\skip62
\f@nch@O@elf=\skip63
\f@nch@O@erf=\skip64
\f@nch@O@olf=\skip65
\f@nch@O@orf=\skip66
)
(/usr/share/texlive/texmf-dist/tex/latex/titling/titling.sty
Package: titling 2009/09/04 v2.1d maketitle typesetting
\thanksmarkwidth=\skip67
\thanksmargin=\skip68
\droptitle=\skip69
))
(/usr/share/texlive/texmf-dist/tex/latex/hyperref/hyperref.sty
Package: hyperref 2018/02/06 v6.86b Hypertext links for LaTeX

(/usr/share/texlive/texmf-dist/tex/generic/oberdiek/hobsub-hyperref.sty
Package: hobsub-hyperref 2016/05/16 v1.14 Bundle oberdiek, subset hyperref (HO)


(/usr/share/texlive/texmf-dist/tex/generic/oberdiek/hobsub-generic.sty
Package: hobsub-generic 2016/05/16 v1.14 Bundle oberdiek, subset generic (HO)
Package: hobsub 2016/05/16 v1.14 Construct package bundles (HO)
Package: infwarerr 2016/05/16 v1.4 Providing info/warning/error messages (HO)
Package: ltxcmds 2016/05/16 v1.23 LaTeX kernel commands for general use (HO)
Package: ifluatex 2016/05/16 v1.4 Provides the ifluatex switch (HO)
Package ifluatex Info: LuaTeX not detected.
Package: ifvtex 2016/05/16 v1.6 Detect VTeX and its facilities (HO)
Package ifvtex Info: VTeX not detected.
Package: intcalc 2016/05/16 v1.2 Expandable calculations with integers (HO)
Package: ifpdf 2017/03/15 v3.2 Provides the ifpdf switch
Package: etexcmds 2016/05/16 v1.6 Avoid name clashes with e-TeX commands (HO)
Package etexcmds Info: Could not find \expanded.
(etexcmds)             That can mean that you are not using pdfTeX 1.50 or
(etexcmds)             that some package has redefined \expanded.
(etexcmds)             In the latter case, load this package earlier.
Package: kvsetkeys 2016/05/16 v1.17 Key value parser (HO)
Package: kvdefinekeys 2016/05/16 v1.4 Define keys (HO)
Package: pdftexcmds 2018/01/21 v0.26 Utility functions of pdfTeX for LuaTeX (HO
)
Package pdftexcmds Info: LuaTeX not detected.
Package pdftexcmds Info: \pdf@primitive is available.
Package pdftexcmds Info: \pdf@ifprimitive is available.
Package pdftexcmds Info: \pdfdraftmode found.
Package: pdfescape 2016/05/16 v1.14 Implements pdfTeX's escape features (HO)
Package: bigintcalc 2016/05/16 v1.4 Expandable calculations on big integers (HO
)
Package: bitset 2016/05/16 v1.2 Handle bit-vector datatype (HO)
Package: uniquecounter 2016/05/16 v1.3 Provide unlimited unique counter (HO)
)
Package hobsub Info: Skipping package `hobsub' (already loaded).
Package: letltxmacro 2016/05/16 v1.5 Let assignment for LaTeX macros (HO)
Package: hopatch 2016/05/16 v1.3 Wrapper for package hooks (HO)
Package: xcolor-patch 2016/05/16 xcolor patch
Package: atveryend 2016/05/16 v1.9 Hooks at the very end of document (HO)
Package: atbegshi 2016/06/09 v1.18 At begin shipout hook (HO)
Package: refcount 2016/05/16 v3.5 Data extraction from label references (HO)
Package: hycolor 2016/05/16 v1.8 Color options for hyperref/bookmark (HO)
)
(/usr/share/texlive/texmf-dist/tex/generic/ifxetex/ifxetex.sty
Package: ifxetex 2010/09/12 v0.6 Provides ifxetex conditional
)
(/usr/share/texlive/texmf-dist/tex/latex/oberdiek/auxhook.sty
Package: auxhook 2016/05/16 v1.4 Hooks for auxiliary files (HO)
)
(/usr/share/texlive/texmf-dist/tex/latex/oberdiek/kvoptions.sty
Package: kvoptions 2016/05/16 v3.12 Key value format for package options (HO)
)
\@linkdim=\dimen125
\Hy@linkcounter=\count134
\Hy@pagecounter=\count135

(/usr/share/texlive/texmf-dist/tex/latex/hyperref/pd1enc.def
File: pd1enc.def 2018/02/06 v6.86b Hyperref: PDFDocEncoding definition (HO)
Now handling font encoding PD1 ...
... no UTF-8 mapping file for font encoding PD1
)
\Hy@SavedSpaceFactor=\count136

(/usr/share/texlive/texmf-dist/tex/latex/latexconfig/hyperref.cfg
File: hyperref.cfg 2002/06/06 v1.2 hyperref configuration of TeXLive
)
Package hyperref Info: Option `pdfusetitle' set `true' on input line 4383.
Package hyperref Info: Hyper figures OFF on input line 4509.
Package hyperref Info: Link nesting OFF on input line 4514.
Package hyperref Info: Hyper index ON on input line 4517.
Package hyperref Info: Plain pages OFF on input line 4524.
Package hyperref Info: Backreferencing OFF on input line 4529.
Package hyperref Info: Implicit mode ON; LaTeX internals redefined.
Package hyperref Info: Bookmarks ON on input line 4762.
\c@Hy@tempcnt=\count137

(/usr/share/texlive/texmf-dist/tex/latex/url/url.sty
\Urlmuskip=\muskip11
Package: url 2013/09/16  ver 3.4  Verb mode for urls, etc.
)
LaTeX Info: Redefining \url on input line 5115.
\XeTeXLinkMargin=\dimen126
\Fld@menulength=\count138
\Field@Width=\dimen127
\Fld@charsize=\dimen128
Package hyperref Info: Hyper figures OFF on input line 6369.
Package hyperref Info: Link nesting OFF on input line 6374.
Package hyperref Info: Hyper index ON on input line 6377.
Package hyperref Info: backreferencing OFF on input line 6384.
Package hyperref Info: Link coloring OFF on input line 6389.
Package hyperref Info: Link coloring with OCG OFF on input line 6394.
Package hyperref Info: PDF/A mode OFF on input line 6399.
LaTeX Info: Redefining \ref on input line 6439.
LaTeX Info: Redefining \pageref on input line 6443.
\Hy@abspage=\count139
\c@Item=\count140
\c@Hfootnote=\count141
)
Package hyperref Info: Driver (autodetected): hpdftex.

(/usr/share/texlive/texmf-dist/tex/latex/hyperref/hpdftex.def
File: hpdftex.def 2018/02/06 v6.86b Hyperref driver for pdfTeX
\Fld@listcount=\count142
\c@bookmark@seq@number=\count143

(/usr/share/texlive/texmf-dist/tex/latex/oberdiek/rerunfilecheck.sty
Package: rerunfilecheck 2016/05/16 v1.8 Rerun checks for auxiliary files (HO)
Package uniquecounter Info: New unique counter `rerunfilecheck' on input line 2
82.
)
\Hy@SectionHShift=\skip70
)
(/usr/share/texlive/texmf-dist/tex/latex/caption/subcaption.sty
Package: subcaption 2016/05/22 v1.1-161 Sub-captions (AR)
\c@subfigure=\count144
\c@subtable=\count145
)
(/usr/share/texlive/texmf-dist/tex/latex/makecell/makecell.sty
Package: makecell 2009/08/03 V0.1e Managing of Tab Column Heads and Cells

(/usr/share/texlive/texmf-dist/tex/latex/tools/array.sty
Package: array 2016/10/06 v2.4d Tabular extension package (FMi)
\col@sep=\dimen129
\extrarowheight=\dimen130
\NC@list=\toks26
\extratabsurround=\skip71
\backup@length=\skip72
)
\rotheadsize=\dimen131
\c@nlinenum=\count146
\TeXr@lab=\toks27
)
(/usr/share/texlive/texmf-dist/tex/latex/tools/tabularx.sty
Package: tabularx 2016/02/03 v2.11 `tabularx' package (DPC)
\TX@col@width=\dimen132
\TX@old@table=\dimen133
\TX@old@col=\dimen134
\TX@target=\dimen135
\TX@delta=\dimen136
\TX@cols=\count147
\TX@ftn=\toks28
)
(/usr/share/texlive/texmf-dist/tex/latex/tools/longtable.sty
Package: longtable 2014/10/28 v4.11 Multi-page Table package (DPC)
\LTleft=\skip73
\LTright=\skip74
\LTpre=\skip75
\LTpost=\skip76
\LTchunksize=\count148
\LTcapwidth=\dimen137
\LT@head=\box28
\LT@firsthead=\box29
\LT@foot=\box30
\LT@lastfoot=\box31
\LT@cols=\count149
\LT@rows=\count150
\c@LT@tables=\count151
\c@LT@chunks=\count152
\LT@p@ftn=\toks29
)
(/usr/share/texlive/texmf-dist/tex/latex/wrapfig/wrapfig.sty
\wrapoverhang=\dimen138
\WF@size=\dimen139
\c@WF@wrappedlines=\count153
\WF@box=\box32
\WF@everypar=\toks30
Package: wrapfig 2003/01/31  v 3.6
)
(/usr/share/texlive/texmf-dist/tex/latex/lipsum/lipsum.sty
Package: lipsum 2014/07/27 v1.3 150 paragraphs of Lorem Ipsum dummy text
\c@lips@count=\count154
)
(/usr/share/texlive/texmf-dist/tex/latex/mdframed/mdframed.sty
Package: mdframed 2013/07/01 1.9b: mdframed

(/usr/share/texlive/texmf-dist/tex/latex/l3packages/xparse/xparse.sty
(/usr/share/texlive/texmf-dist/tex/latex/l3kernel/expl3.sty
Package: expl3 2018/02/21 L3 programming layer (loader) 

(/usr/share/texlive/texmf-dist/tex/latex/l3kernel/expl3-code.tex
Package: expl3 2018/02/21 L3 programming layer (code)
\c_max_int=\count155
\l_tmpa_int=\count156
\l_tmpb_int=\count157
\g_tmpa_int=\count158
\g_tmpb_int=\count159
\g__intarray_font_int=\count160
\g__prg_map_int=\count161
\c_log_iow=\count162
\l_iow_line_count_int=\count163
\l__iow_line_target_int=\count164
\l__iow_one_indent_int=\count165
\l__iow_indent_int=\count166
\c_zero_dim=\dimen140
\c_max_dim=\dimen141
\l_tmpa_dim=\dimen142
\l_tmpb_dim=\dimen143
\g_tmpa_dim=\dimen144
\g_tmpb_dim=\dimen145
\c_zero_skip=\skip77
\c_max_skip=\skip78
\l_tmpa_skip=\skip79
\l_tmpb_skip=\skip80
\g_tmpa_skip=\skip81
\g_tmpb_skip=\skip82
\c_zero_muskip=\muskip12
\c_max_muskip=\muskip13
\l_tmpa_muskip=\muskip14
\l_tmpb_muskip=\muskip15
\g_tmpa_muskip=\muskip16
\g_tmpb_muskip=\muskip17
\l_keys_choice_int=\count167
\c__fp_leading_shift_int=\count168
\c__fp_middle_shift_int=\count169
\c__fp_trailing_shift_int=\count170
\c__fp_big_leading_shift_int=\count171
\c__fp_big_middle_shift_int=\count172
\c__fp_big_trailing_shift_int=\count173
\c__fp_Bigg_leading_shift_int=\count174
\c__fp_Bigg_middle_shift_int=\count175
\c__fp_Bigg_trailing_shift_int=\count176
\c__fp_rand_size_int=\count177
\c__fp_rand_four_int=\count178
\c__fp_rand_eight_int=\count179
\l__sort_length_int=\count180
\l__sort_min_int=\count181
\l__sort_top_int=\count182
\l__sort_max_int=\count183
\l__sort_true_max_int=\count184
\l__sort_block_int=\count185
\l__sort_begin_int=\count186
\l__sort_end_int=\count187
\l__sort_A_int=\count188
\l__sort_B_int=\count189
\l__sort_C_int=\count190
\l__tl_build_start_index_int=\count191
\l__tl_build_index_int=\count192
\l__tl_analysis_normal_int=\count193
\l__tl_analysis_index_int=\count194
\l__tl_analysis_nesting_int=\count195
\l__tl_analysis_type_int=\count196
\l__regex_internal_a_int=\count197
\l__regex_internal_b_int=\count198
\l__regex_internal_c_int=\count199
\l__regex_balance_int=\count266
\l__regex_group_level_int=\count267
\l__regex_mode_int=\count268
\c__regex_cs_in_class_mode_int=\count269
\c__regex_cs_mode_int=\count270
\l__regex_catcodes_int=\count271
\l__regex_default_catcodes_int=\count272
\c__regex_catcode_D_int=\count273
\c__regex_catcode_S_int=\count274
\c__regex_catcode_L_int=\count275
\c__regex_catcode_O_int=\count276
\c__regex_catcode_A_int=\count277
\c__regex_all_catcodes_int=\count278
\l__regex_show_lines_int=\count279
\l__regex_min_state_int=\count280
\l__regex_max_state_int=\count281
\l__regex_left_state_int=\count282
\l__regex_right_state_int=\count283
\l__regex_capturing_group_int=\count284
\l__regex_min_pos_int=\count285
\l__regex_max_pos_int=\count286
\l__regex_curr_pos_int=\count287
\l__regex_start_pos_int=\count288
\l__regex_success_pos_int=\count289
\l__regex_curr_char_int=\count290
\l__regex_curr_catcode_int=\count291
\l__regex_last_char_int=\count292
\l__regex_case_changed_char_int=\count293
\l__regex_curr_state_int=\count294
\l__regex_step_int=\count295
\l__regex_min_active_int=\count296
\l__regex_max_active_int=\count297
\l__regex_replacement_csnames_int=\count298
\l__regex_match_count_int=\count299
\l__regex_min_submatch_int=\count300
\l__regex_submatch_int=\count301
\l__regex_zeroth_submatch_int=\count302
\g__regex_trace_regex_int=\count303
\c_empty_box=\box33
\l_tmpa_box=\box34
\l_tmpb_box=\box35
\g_tmpa_box=\box36
\g_tmpb_box=\box37
\l__box_top_dim=\dimen146
\l__box_bottom_dim=\dimen147
\l__box_left_dim=\dimen148
\l__box_right_dim=\dimen149
\l__box_top_new_dim=\dimen150
\l__box_bottom_new_dim=\dimen151
\l__box_left_new_dim=\dimen152
\l__box_right_new_dim=\dimen153
\l__box_internal_box=\box38
\l__coffin_internal_box=\box39
\l__coffin_internal_dim=\dimen154
\l__coffin_offset_x_dim=\dimen155
\l__coffin_offset_y_dim=\dimen156
\l__coffin_x_dim=\dimen157
\l__coffin_y_dim=\dimen158
\l__coffin_x_prime_dim=\dimen159
\l__coffin_y_prime_dim=\dimen160
\c_empty_coffin=\box40
\l__coffin_aligned_coffin=\box41
\l__coffin_aligned_internal_coffin=\box42
\l_tmpa_coffin=\box43
\l_tmpb_coffin=\box44
\l__coffin_display_coffin=\box45
\l__coffin_display_coord_coffin=\box46
\l__coffin_display_pole_coffin=\box47
\l__coffin_display_offset_dim=\dimen161
\l__coffin_display_x_dim=\dimen162
\l__coffin_display_y_dim=\dimen163
\l__coffin_bounding_shift_dim=\dimen164
\l__coffin_left_corner_dim=\dimen165
\l__coffin_right_corner_dim=\dimen166
\l__coffin_bottom_corner_dim=\dimen167
\l__coffin_top_corner_dim=\dimen168
\l__coffin_scaled_total_height_dim=\dimen169
\l__coffin_scaled_width_dim=\dimen170
)
(/usr/share/texlive/texmf-dist/tex/latex/l3kernel/l3pdfmode.def
File: l3pdfmode.def 2017/03/18 v L3 Experimental driver: PDF mode
\l__driver_color_stack_int=\count304
\l__driver_tmp_box=\box48
))
Package: xparse 2018/02/21 L3 Experimental document command parser
\l__xparse_current_arg_int=\count305
\g__xparse_grabber_int=\count306
\l__xparse_m_args_int=\count307
\l__xparse_mandatory_args_int=\count308
\l__xparse_v_nesting_int=\count309
)
(/usr/share/texlive/texmf-dist/tex/latex/oberdiek/zref-abspage.sty
Package: zref-abspage 2016/05/21 v2.26 Module abspage for zref (HO)

(/usr/share/texlive/texmf-dist/tex/latex/oberdiek/zref-base.sty
Package: zref-base 2016/05/21 v2.26 Module base for zref (HO)
Package zref Info: New property list: main on input line 759.
Package zref Info: New property: default on input line 760.
Package zref Info: New property: page on input line 761.
)
\c@abspage=\count310
Package zref Info: New property: abspage on input line 62.
)
(/usr/share/texlive/texmf-dist/tex/latex/needspace/needspace.sty
Package: needspace 2010/09/12 v1.3d reserve vertical space
)
\mdf@templength=\skip83
\c@mdf@globalstyle@cnt=\count311
\mdf@skipabove@length=\skip84
\mdf@skipbelow@length=\skip85
\mdf@leftmargin@length=\skip86
\mdf@rightmargin@length=\skip87
\mdf@innerleftmargin@length=\skip88
\mdf@innerrightmargin@length=\skip89
\mdf@innertopmargin@length=\skip90
\mdf@innerbottommargin@length=\skip91
\mdf@splittopskip@length=\skip92
\mdf@splitbottomskip@length=\skip93
\mdf@outermargin@length=\skip94
\mdf@innermargin@length=\skip95
\mdf@linewidth@length=\skip96
\mdf@innerlinewidth@length=\skip97
\mdf@middlelinewidth@length=\skip98
\mdf@outerlinewidth@length=\skip99
\mdf@roundcorner@length=\skip100
\mdf@footenotedistance@length=\skip101
\mdf@userdefinedwidth@length=\skip102
\mdf@needspace@length=\skip103
\mdf@frametitleaboveskip@length=\skip104
\mdf@frametitlebelowskip@length=\skip105
\mdf@frametitlerulewidth@length=\skip106
\mdf@frametitleleftmargin@length=\skip107
\mdf@frametitlerightmargin@length=\skip108
\mdf@shadowsize@length=\skip109
\mdf@extratopheight@length=\skip110
\mdf@subtitleabovelinewidth@length=\skip111
\mdf@subtitlebelowlinewidth@length=\skip112
\mdf@subtitleaboveskip@length=\skip113
\mdf@subtitlebelowskip@length=\skip114
\mdf@subtitleinneraboveskip@length=\skip115
\mdf@subtitleinnerbelowskip@length=\skip116
\mdf@subsubtitleabovelinewidth@length=\skip117
\mdf@subsubtitlebelowlinewidth@length=\skip118
\mdf@subsubtitleaboveskip@length=\skip119
\mdf@subsubtitlebelowskip@length=\skip120
\mdf@subsubtitleinneraboveskip@length=\skip121
\mdf@subsubtitleinnerbelowskip@length=\skip122

(/usr/share/texlive/texmf-dist/tex/latex/mdframed/md-frame-0.mdf
File: md-frame-0.mdf 2013/07/01\ 1.9b: md-frame-0
)
\mdf@frametitlebox=\box49
\mdf@footnotebox=\box50
\mdf@splitbox@one=\box51
\mdf@splitbox@two=\box52
\mdf@splitbox@save=\box53
\mdfsplitboxwidth=\skip123
\mdfsplitboxtotalwidth=\skip124
\mdfsplitboxheight=\skip125
\mdfsplitboxdepth=\skip126
\mdfsplitboxtotalheight=\skip127
\mdfframetitleboxwidth=\skip128
\mdfframetitleboxtotalwidth=\skip129
\mdfframetitleboxheight=\skip130
\mdfframetitleboxdepth=\skip131
\mdfframetitleboxtotalheight=\skip132
\mdffootnoteboxwidth=\skip133
\mdffootnoteboxtotalwidth=\skip134
\mdffootnoteboxheight=\skip135
\mdffootnoteboxdepth=\skip136
\mdffootnoteboxtotalheight=\skip137
\mdftotallinewidth=\skip138
\mdfboundingboxwidth=\skip139
\mdfboundingboxtotalwidth=\skip140
\mdfboundingboxheight=\skip141
\mdfboundingboxdepth=\skip142
\mdfboundingboxtotalheight=\skip143
\mdf@freevspace@length=\skip144
\mdf@horizontalwidthofbox@length=\skip145
\mdf@verticalmarginwhole@length=\skip146
\mdf@horizontalspaceofbox=\skip147
\mdfsubtitleheight=\skip148
\mdfsubsubtitleheight=\skip149
\c@mdfcountframes=\count312

****** mdframed patching \endmdf@trivlist

****** -- success******

.................................................
. LaTeX info: "xparse/define-command"
. 
. Defining command \newmdtheoremenv with sig. 'O{} m o m o ' on line 601.
.................................................
.................................................
. LaTeX info: "xparse/define-command"
. 
. Defining command \mdtheorem with sig. ' O{} m o m o ' on line 701.
.................................................
\mdf@envdepth=\count313
\c@mdf@env@i=\count314
\c@mdf@env@ii=\count315
\c@mdf@zref@counter=\count316
Package zref Info: New property: mdf@pagevalue on input line 895.
)
(/usr/share/texlive/texmf-dist/tex/latex/graphics/rotating.sty
Package: rotating 2016/08/11 v2.16d rotated objects in LaTeX
\c@r@tfl@t=\count317
\rotFPtop=\skip150
\rotFPbot=\skip151
\rot@float@box=\box54
\rot@mess@toks=\toks31
) (./Thesis.aux

LaTeX Warning: Label `fig:coloroverpos' multiply defined.

)
\openout1 = `Thesis.aux'.

LaTeX Font Info:    Checking defaults for OML/cmm/m/it on input line 62.
LaTeX Font Info:    ... okay on input line 62.
LaTeX Font Info:    Checking defaults for T1/cmr/m/n on input line 62.
LaTeX Font Info:    ... okay on input line 62.
LaTeX Font Info:    Checking defaults for OT1/cmr/m/n on input line 62.
LaTeX Font Info:    ... okay on input line 62.
LaTeX Font Info:    Checking defaults for OMS/cmsy/m/n on input line 62.
LaTeX Font Info:    ... okay on input line 62.
LaTeX Font Info:    Checking defaults for OMX/cmex/m/n on input line 62.
LaTeX Font Info:    ... okay on input line 62.
LaTeX Font Info:    Checking defaults for U/cmr/m/n on input line 62.
LaTeX Font Info:    ... okay on input line 62.
LaTeX Font Info:    Checking defaults for PD1/pdf/m/n on input line 62.
LaTeX Font Info:    ... okay on input line 62.
LaTeX Font Info:    Try loading font information for OT1+ppl on input line 62.
 (/usr/share/texlive/texmf-dist/tex/latex/psnfss/ot1ppl.fd
File: ot1ppl.fd 2001/06/04 font definitions for OT1/ppl.
)
(/usr/share/texlive/texmf-dist/tex/context/base/mkii/supp-pdf.mkii
[Loading MPS to PDF converter (version 2006.09.02).]
\scratchcounter=\count318
\scratchdimen=\dimen171
\scratchbox=\box55
\nofMPsegments=\count319
\nofMParguments=\count320
\everyMPshowfont=\toks32
\MPscratchCnt=\count321
\MPscratchDim=\dimen172
\MPnumerator=\count322
\makeMPintoPDFobject=\count323
\everyMPtoPDFconversion=\toks33
) (/usr/share/texlive/texmf-dist/tex/latex/oberdiek/epstopdf-base.sty
Package: epstopdf-base 2016/05/15 v2.6 Base part for package epstopdf

(/usr/share/texlive/texmf-dist/tex/latex/oberdiek/grfext.sty
Package: grfext 2016/05/16 v1.2 Manage graphics extensions (HO)
)
Package epstopdf-base Info: Redefining graphics rule for `.eps' on input line 4
38.
Package grfext Info: Graphics extension search list:
(grfext)             [.pdf,.png,.jpg,.mps,.jpeg,.jbig2,.jb2,.PDF,.PNG,.JPG,.JPE
G,.JBIG2,.JB2,.eps]
(grfext)             \AppendGraphicsExtensions on input line 456.

(/usr/share/texlive/texmf-dist/tex/latex/latexconfig/epstopdf-sys.cfg
File: epstopdf-sys.cfg 2010/07/13 v1.3 Configuration of (r)epstopdf for TeX Liv
e
))
Package caption Info: Begin \AtBeginDocument code.
Package caption Info: hyperref package is loaded.
Package caption Info: longtable package is loaded.

(/usr/share/texlive/texmf-dist/tex/latex/caption/ltcaption.sty
Package: ltcaption 2013/06/09 v1.4-94 longtable captions (AR)
)
Package caption Info: rotating package is loaded.
Package caption Info: wrapfig package is loaded.
Package caption Info: End \AtBeginDocument code.
\AtBeginShipoutBox=\box56
Package hyperref Info: Link coloring OFF on input line 62.

(/usr/share/texlive/texmf-dist/tex/latex/hyperref/nameref.sty
Package: nameref 2016/05/21 v2.44 Cross-referencing by name of section

(/usr/share/texlive/texmf-dist/tex/generic/oberdiek/gettitlestring.sty
Package: gettitlestring 2016/05/16 v1.5 Cleanup title references (HO)
)
\c@section@level=\count324
)
LaTeX Info: Redefining \ref on input line 62.
LaTeX Info: Redefining \pageref on input line 62.
LaTeX Info: Redefining \nameref on input line 62.

(./Thesis.out) (./Thesis.out)
\@outlinefile=\write3
\openout3 = `Thesis.out'.

<lion-msc-logo.pdf, id=152, 68.255pt x 79.29625pt>
File: lion-msc-logo.pdf Graphic file (type pdf)
<use lion-msc-logo.pdf>
Package pdftex.def Info: lion-msc-logo.pdf  used on input line 68.
(pdftex.def)             Requested size: 71.13188pt x 82.644pt.
<ADI_tot.pdf, id=153, 643.04303pt x 618.37274pt>
File: ADI_tot.pdf Graphic file (type pdf)
<use ADI_tot.pdf>
Package pdftex.def Info: ADI_tot.pdf  used on input line 68.
(pdftex.def)             Requested size: 170.71652pt x 167.86383pt.
LaTeX Font Info:    Try loading font information for OML+zplm on input line 68.


(/usr/share/texlive/texmf-dist/tex/latex/psnfss/omlzplm.fd
File: omlzplm.fd 2002/09/08 Fontinst v1.914 font definitions for OML/zplm.
)
LaTeX Font Info:    Try loading font information for OMS+zplm on input line 68.


(/usr/share/texlive/texmf-dist/tex/latex/psnfss/omszplm.fd
File: omszplm.fd 2002/09/08 Fontinst v1.914 font definitions for OMS/zplm.
)
LaTeX Font Info:    Try loading font information for OMX+zplm on input line 68.


(/usr/share/texlive/texmf-dist/tex/latex/psnfss/omxzplm.fd
File: omxzplm.fd 2002/09/08 Fontinst v1.914 font definitions for OMX/zplm.
)
LaTeX Font Info:    Try loading font information for OT1+zplm on input line 68.


(/usr/share/texlive/texmf-dist/tex/latex/psnfss/ot1zplm.fd
File: ot1zplm.fd 2002/09/08 Fontinst v1.914 font definitions for OT1/zplm.
)
LaTeX Font Info:    Font shape `U/msa/m/n' will be
(Font)              scaled to size 12.50409pt on input line 68.
LaTeX Font Info:    Font shape `U/msa/m/n' will be
(Font)              scaled to size 9.37807pt on input line 68.
LaTeX Font Info:    Font shape `U/msa/m/n' will be
(Font)              scaled to size 7.29405pt on input line 68.
LaTeX Font Info:    Font shape `U/msb/m/n' will be
(Font)              scaled to size 12.50409pt on input line 68.
LaTeX Font Info:    Font shape `U/msb/m/n' will be
(Font)              scaled to size 9.37807pt on input line 68.
LaTeX Font Info:    Font shape `U/msb/m/n' will be
(Font)              scaled to size 7.29405pt on input line 68.
 [1

{/var/lib/texmf/fonts/map/pdftex/updmap/pdftex.map} <./ADI_tot.pdf> <./lion-msc
-logo.pdf>]
[2

]
LaTeX Font Info:    Font shape `OT1/ppl/bx/n' in size <14.4> not available
(Font)              Font shape `OT1/ppl/b/n' tried instead on input line 68.

Underfull \hbox (badness 10000) in paragraph at lines 68--68

 []

[3] [4

]
LaTeX Font Info:    Font shape `OT1/ppl/bx/n' in size <24.88> not available
(Font)              Font shape `OT1/ppl/b/n' tried instead on input line 70.
 (./Thesis.toc
LaTeX Font Info:    Font shape `OT1/ppl/bx/n' in size <12> not available
(Font)              Font shape `OT1/ppl/b/n' tried instead on input line 2.
 [5])
\tf@toc=\write4
\openout4 = `Thesis.toc'.

 [6]
Chapter 1.
LaTeX Font Info:    Try loading font information for OT1+phv on input line 82.
(/usr/share/texlive/texmf-dist/tex/latex/psnfss/ot1phv.fd
File: ot1phv.fd 2001/06/04 scalable font definitions for OT1/phv.
)
LaTeX Font Info:    Try loading font information for OT1+ptm on input line 82.

(/usr/share/texlive/texmf-dist/tex/latex/psnfss/ot1ptm.fd
File: ot1ptm.fd 2001/06/04 font definitions for OT1/ptm.
) [1


] [2]
Chapter 2.
LaTeX Font Info:    Font shape `OT1/ppl/bx/n' in size <17.28> not available
(Font)              Font shape `OT1/ppl/b/n' tried instead on input line 102.
<classscheme.pdf, id=272, 597.50829pt x 845.0471pt>
File: classscheme.pdf Graphic file (type pdf)
<use classscheme.pdf>
Package pdftex.def Info: classscheme.pdf  used on input line 105.
(pdftex.def)             Requested size: 159.3382pt x 390.40346pt.
LaTeX Font Info:    Font shape `OT1/ppl/bx/sl' in size <10.95> not available
(Font)              Font shape `OT1/ppl/b/sl' tried instead on input line 106.

Underfull \hbox (badness 1107) in paragraph at lines 106--106
\OT1/ppl/m/sl/10.95 starts to form by con-ser-va-tion
 []


Underfull \hbox (badness 1389) in paragraph at lines 106--106
\OT1/ppl/m/sl/10.95 op-ti-cally thin and a star with
 []


Underfull \hbox (badness 1082) in paragraph at lines 106--106
\OT1/ppl/m/sl/10.95 pos-si-bly a plan-e-tary sys-tem is
 []


Underfull \hbox (badness 1158) in paragraph at lines 106--106
\OT1/ppl/m/sl/10.95 left (Class III). Fig-ure adapted
 []

[3

]
<irdisjos.pdf, id=288, 272.01515pt x 255.27933pt>
File: irdisjos.pdf Graphic file (type pdf)
<use irdisjos.pdf>
Package pdftex.def Info: irdisjos.pdf  used on input line 132.
(pdftex.def)             Requested size: 227.62204pt x 213.62685pt.
 [4 <./classscheme.pdf>]
<ifsjos.pdf, id=315, 524.34279pt x 132.88031pt>
File: ifsjos.pdf Graphic file (type pdf)
<use ifsjos.pdf>
Package pdftex.def Info: ifsjos.pdf  used on input line 146.
(pdftex.def)             Requested size: 478.00766pt x 121.14429pt.

Overfull \hbox (22.76358pt too wide) in paragraph at lines 146--147
[][] 
 []

LaTeX Font Info:    Font shape `U/msa/m/n' will be
(Font)              scaled to size 11.40997pt on input line 147.
LaTeX Font Info:    Font shape `U/msa/m/n' will be
(Font)              scaled to size 8.33606pt on input line 147.
LaTeX Font Info:    Font shape `U/msa/m/n' will be
(Font)              scaled to size 6.25204pt on input line 147.
LaTeX Font Info:    Font shape `U/msb/m/n' will be
(Font)              scaled to size 11.40997pt on input line 147.
LaTeX Font Info:    Font shape `U/msb/m/n' will be
(Font)              scaled to size 8.33606pt on input line 147.
LaTeX Font Info:    Font shape `U/msb/m/n' will be
(Font)              scaled to size 6.25204pt on input line 147.
[5 <./irdisjos.pdf> <./ifsjos.pdf

pdfTeX warning: pdflatex (file ./ifsjos.pdf): PDF inclusion: multiple pdfs with
 page group included in a single page
>]
<SEDnew.pdf, id=569, 578.16pt x 361.35pt>
File: SEDnew.pdf Graphic file (type pdf)
<use SEDnew.pdf>
Package pdftex.def Info: SEDnew.pdf  used on input line 158.
(pdftex.def)             Requested size: 455.24408pt x 284.52603pt.
 [6 <./SEDnew.pdf>]
Chapter 3.
<overviewSPHERE.png, id=640, 1371.1225pt x 770.88pt>
File: overviewSPHERE.png Graphic file (type png)
<use overviewSPHERE.png>
Package pdftex.def Info: overviewSPHERE.png  used on input line 169.
(pdftex.def)             Requested size: 264.04239pt x 200.497pt.
<overview_SPHERE.pdf, id=643, 597.23125pt x 845.1575pt>
File: overview_SPHERE.pdf Graphic file (type pdf)
<use overview_SPHERE.pdf>
Package pdftex.def Info: overview_SPHERE.pdf  used on input line 175.
(pdftex.def)             Requested size: 172.99496pt x 196.72908pt.
[7

 <./overviewSPHERE.png> <./overview_SPHERE.pdf>] [8]
<aoperformance.png, id=679, 1371.1225pt x 770.88pt>
File: aoperformance.png Graphic file (type png)
<use aoperformance.png>
Package pdftex.def Info: aoperformance.png  used on input line 202.
(pdftex.def)             Requested size: 478.00766pt x 284.09915pt.

Overfull \hbox (22.76358pt too wide) in paragraph at lines 202--203
 [] 
 []

<coronagraph.jpg, id=683, 722.7pt x 542.025pt>
File: coronagraph.jpg Graphic file (type jpg)
<use coronagraph.jpg>
Package pdftex.def Info: coronagraph.jpg  used on input line 212.
(pdftex.def)             Requested size: 386.96024pt x 285.64584pt.
[9 <./aoperformance.png>] [10 <./coronagraph.jpg>]
<systemthroughput.png, id=709, 1371.1225pt x 770.88pt>
File: systemthroughput.png Graphic file (type png)
<use systemthroughput.png>
Package pdftex.def Info: systemthroughput.png  used on input line 225.
(pdftex.def)             Requested size: 455.24408pt x 222.75139pt.
 [11 <./systemthroughput.png>]
<overviewIFS.pdf, id=719, 588.28836pt x 597.50786pt>
File: overviewIFS.pdf Graphic file (type pdf)
<use overviewIFS.pdf>
Package pdftex.def Info: overviewIFS.pdf  used on input line 237.
(pdftex.def)             Requested size: 295.90587pt x -801.30632pt.
<overview.pdf, id=722, 526.37596pt x 697.09248pt>
File: overview.pdf Graphic file (type pdf)
<use overview.pdf>
Package pdftex.def Info: overview.pdf  used on input line 244.
(pdftex.def)             Requested size: 136.5746pt x 180.86748pt.
 [12 <./overviewIFS.pdf> <./overview.pdf>]
<biggre.png, id=773, 1371.1225pt x 770.88pt>
File: biggre.png Graphic file (type png)
<use biggre.png>
Package pdftex.def Info: biggre.png  used on input line 260.
(pdftex.def)             Requested size: 204.85844pt x 156.35907pt.
<bigregrid.png, id=780, 1371.1225pt x 770.88pt>
File: bigregrid.png Graphic file (type png)
<use bigregrid.png>
Package pdftex.def Info: bigregrid.png  used on input line 273.
(pdftex.def)             Requested size: 295.90587pt x 204.32521pt.
 [13

 <./biggre.png> <./bigregrid.png>] [14]
Chapter 4.
<rawframe.pdf, id=801, 734.3937pt x 600.94826pt>
File: rawframe.pdf Graphic file (type pdf)
<use rawframe.pdf>
Package pdftex.def Info: rawframe.pdf  used on input line 293.
(pdftex.def)             Requested size: 218.51521pt x 178.80037pt.
<reducedframe.pdf, id=802, 707.52771pt x 600.94826pt>
File: reducedframe.pdf Graphic file (type pdf)
<use reducedframe.pdf>
Package pdftex.def Info: reducedframe.pdf  used on input line 299.
(pdftex.def)             Requested size: 213.96527pt x 181.73468pt.
[15

 <./rawframe.pdf> <./reducedframe.pdf

pdfTeX warning: pdflatex (file ./reducedframe.pdf): PDF inclusion: multiple pdf
s with page group included in a single page
>]
Underfull \hbox (badness 10000) in paragraph at lines 320--320
[]|\OT1/ppl/b/n/12 required
 []


Underfull \hbox (badness 10000) in paragraph at lines 320--320
\OT1/ppl/b/n/12 num-ber
 []


Underfull \hbox (badness 10000) in paragraph at lines 321--321
[]|\OT1/ppl/m/n/12 science
 []


Underfull \hbox (badness 10000) in paragraph at lines 321--321
[]|\OT1/ppl/m/n/12 can be mul-ti-ple
 []


Underfull \hbox (badness 4229) in paragraph at lines 321--321
\OT1/ppl/m/n/12 frames stacked to-
 []


Underfull \hbox (badness 3635) in paragraph at lines 321--321
\OT1/ppl/m/n/12 gether as a sin-gle
 []


Underfull \hbox (badness 10000) in paragraph at lines 322--322
[]|\OT1/ppl/m/n/12 spectral
 []


Underfull \hbox (badness 10000) in paragraph at lines 322--322
[]|\OT1/ppl/m/n/12 exposure time of
 []


Overfull \hbox (3.14323pt too wide) in paragraph at lines 323--323
[]|\OT1/ppl/m/n/12 wavelength
 []


Underfull \hbox (badness 10000) in paragraph at lines 323--323
[]|\OT1/ppl/m/n/12 exposure time of
 []


Underfull \hbox (badness 10000) in paragraph at lines 324--324
[]|\OT1/ppl/m/n/12 detector
 []


Underfull \hbox (badness 10000) in paragraph at lines 325--325
[]|\OT1/ppl/m/n/12 detector
 []


Underfull \hbox (badness 10000) in paragraph at lines 326--326
[]|\OT1/ppl/m/n/12 detector
 []


Underfull \hbox (badness 10000) in paragraph at lines 327--327
[]|\OT1/ppl/m/n/12 detector
 []


Underfull \hbox (badness 10000) in paragraph at lines 327--327
\OT1/ppl/m/n/12 flat lamp
 []


Underfull \hbox (badness 10000) in paragraph at lines 328--328
[]|\OT1/ppl/m/n/12 detector
 []


Underfull \hbox (badness 10000) in paragraph at lines 329--329
[]|\OT1/ppl/m/n/12 instrument
 []


Overfull \hbox (4.75143pt too wide) in paragraph at lines 330--330
[]|\OT1/ppl/m/n/12 background
 []


Overfull \hbox (5.18173pt too wide) in paragraph at lines 330--330
[]|\OT1/ppl/m/n/12 dark,background| 
 []


Underfull \hbox (badness 10000) in paragraph at lines 331--331
[]|\OT1/ppl/m/n/12 for all cal-i-bra-tion
 []


Underfull \hbox (badness 10000) in paragraph at lines 331--331
\OT1/ppl/m/n/12 frames one with
 []


Underfull \hbox (badness 10000) in paragraph at lines 331--331
\OT1/ppl/m/n/12 cor-re-spond-ing
 []


Underfull \vbox (badness 10000) detected at line 335
 []

[16]
Overfull \hbox (39.12703pt too wide) in paragraph at lines 341--342
\OT1/ppl/m/n/12 in-frared IRDIS coro-n-a-graph com-bi-na-tion mode and a back-g
round cal-i-bra-tion in N[]NS[]CLEAR
 []

<badpixelmap.pdf, id=854, 710.44487pt x 600.94826pt>
File: badpixelmap.pdf Graphic file (type pdf)
<use badpixelmap.pdf>
Package pdftex.def Info: badpixelmap.pdf  used on input line 348.
(pdftex.def)             Requested size: 218.51521pt x 184.83405pt.
<dark.pdf, id=855, 718.42781pt x 600.94826pt>
File: dark.pdf Graphic file (type pdf)
<use dark.pdf>
Package pdftex.def Info: dark.pdf  used on input line 354.
(pdftex.def)             Requested size: 218.51521pt x 182.78003pt.
[17]
<masterdetectorflat.pdf, id=862, 726.41077pt x 594.92577pt>
File: masterdetectorflat.pdf Graphic file (type pdf)
<use masterdetectorflat.pdf>
Package pdftex.def Info: masterdetectorflat.pdf  used on input line 370.
(pdftex.def)             Requested size: 218.51521pt x 178.96022pt.
<largescaleflat.pdf, id=863, 726.41077pt x 594.92577pt>
File: largescaleflat.pdf Graphic file (type pdf)
<use largescaleflat.pdf>
Package pdftex.def Info: largescaleflat.pdf  used on input line 376.
(pdftex.def)             Requested size: 218.51521pt x 178.96022pt.
 [18 <./badpixelmap.pdf> <./dark.pdf

pdfTeX warning: pdflatex (file ./dark.pdf): PDF inclusion: multiple pdfs with p
age group included in a single page
> <./masterdetectorflat.pdf

pdfTeX warning: pdflatex (file ./masterdetectorflat.pdf): PDF inclusion: multip
le pdfs with page group included in a single page
> <./largescaleflat.pdf

pdfTeX warning: pdflatex (file ./largescaleflat.pdf): PDF inclusion: multiple p
dfs with page group included in a single page
>]
<instrumentflat.pdf, id=945, 726.41077pt x 600.94826pt>
File: instrumentflat.pdf Graphic file (type pdf)
<use instrumentflat.pdf>
Package pdftex.def Info: instrumentflat.pdf  used on input line 394.
(pdftex.def)             Requested size: 218.51521pt x 180.77185pt.
<IFU_flat.pdf, id=946, 710.44487pt x 600.94826pt>
File: IFU_flat.pdf Graphic file (type pdf)
<use IFU_flat.pdf>
Package pdftex.def Info: IFU_flat.pdf  used on input line 400.
(pdftex.def)             Requested size: 218.51521pt x 184.83405pt.
 [19 <./instrumentflat.pdf> <./IFU_flat.pdf

pdfTeX warning: pdflatex (file ./IFU_flat.pdf): PDF inclusion: multiple pdfs wi
th page group included in a single page
>]
<specpos.pdf, id=987, 710.44487pt x 600.94826pt>
File: specpos.pdf Graphic file (type pdf)
<use specpos.pdf>
Package pdftex.def Info: specpos.pdf  used on input line 414.
(pdftex.def)             Requested size: 218.51521pt x 184.83405pt.
<wavecalib.pdf, id=988, 710.44487pt x 600.94826pt>
File: wavecalib.pdf Graphic file (type pdf)
<use wavecalib.pdf>
Package pdftex.def Info: wavecalib.pdf  used on input line 420.
(pdftex.def)             Requested size: 218.51521pt x 184.83405pt.
 [20 <./specpos.pdf> <./wavecalib.pdf

pdfTeX warning: pdflatex (file ./wavecalib.pdf): PDF inclusion: multiple pdfs w
ith page group included in a single page
>]
<centerframe.pdf, id=1032, 707.52771pt x 600.94826pt>
File: centerframe.pdf Graphic file (type pdf)
<use centerframe.pdf>
Package pdftex.def Info: centerframe.pdf  used on input line 445.
(pdftex.def)             Requested size: 218.51521pt x 185.59512pt.
<centermodel.pdf, id=1033, 731.85297pt x 600.94826pt>
File: centermodel.pdf Graphic file (type pdf)
<use centermodel.pdf>
Package pdftex.def Info: centermodel.pdf  used on input line 451.
(pdftex.def)             Requested size: 218.51521pt x 179.4239pt.
<resultmodel.pdf, id=1034, 578.16pt x 180.675pt>
File: resultmodel.pdf Graphic file (type pdf)
<use resultmodel.pdf>
Package pdftex.def Info: resultmodel.pdf  used on input line 462.
(pdftex.def)             Requested size: 500.77126pt x 173.57559pt.

Overfull \hbox (45.52718pt too wide) in paragraph at lines 462--463
 [][] 
 []

[21] [22 <./resultmodel.pdf> <./centerframe.pdf

pdfTeX warning: pdflatex (file ./centerframe.pdf): PDF inclusion: multiple pdfs
 with page group included in a single page
> <./centermodel.pdf

pdfTeX warning: pdflatex (file ./centermodel.pdf): PDF inclusion: multiple pdfs
 with page group included in a single page
>]
<adiexplanation.pdf, id=1117, 796.9775pt x 597.23125pt>
File: adiexplanation.pdf Graphic file (type pdf)
<use adiexplanation.pdf>
Package pdftex.def Info: adiexplanation.pdf  used on input line 476.
(pdftex.def)             Requested size: 455.24408pt x 259.8826pt.
 [23 <./adiexplanation.pdf>]
<aonorm.pdf, id=1135, 416.83543pt x 278.60744pt>
File: aonorm.pdf Graphic file (type pdf)
<use aonorm.pdf>
Package pdftex.def Info: aonorm.pdf  used on input line 487.
(pdftex.def)             Requested size: 286.80598pt x 191.70367pt.

Overfull \hbox (13.65677pt too wide) in paragraph at lines 487--488
 [][] 
 []


Underfull \hbox (badness 2261) in paragraph at lines 493--494
\OT1/ppl/m/n/12 of the ob-ject on the de-tec-tor
 []

<sdiexplanation.pdf, id=1137, 796.9775pt x 597.23125pt>
File: sdiexplanation.pdf Graphic file (type pdf)
<use sdiexplanation.pdf>
Package pdftex.def Info: sdiexplanation.pdf  used on input line 499.
(pdftex.def)             Requested size: 455.24408pt x 276.13513pt.
<specklegrowth.pdf, id=1140, 483.5801pt x 339.02913pt>
File: specklegrowth.pdf Graphic file (type pdf)
<use specklegrowth.pdf>
Package pdftex.def Info: specklegrowth.pdf  used on input line 514.
(pdftex.def)             Requested size: 286.80598pt x 201.08076pt.

Overfull \hbox (13.65677pt too wide) in paragraph at lines 514--515
 [][] 
 []

[24 <./aonorm.pdf>]
Underfull \hbox (badness 1430) in paragraph at lines 520--523
[]\OT1/ppl/m/n/12 center im-age, us-ing the same
 []


Underfull \hbox (badness 1888) in paragraph at lines 520--523
\OT1/ppl/m/n/12 of the PSF is in-deed di-rectly
 []


Underfull \hbox (badness 2213) in paragraph at lines 520--523
\OT1/ppl/m/n/12 cal-i-bra-tion and po-si-tion-ing of
 []

[25 <./sdiexplanation.pdf> <./specklegrowth.pdf

pdfTeX warning: pdflatex (file ./specklegrowth.pdf): PDF inclusion: multiple pd
fs with page group included in a single page
>]
<allnormalization.pdf, id=1233, 505.89pt x 361.35pt>
File: allnormalization.pdf Graphic file (type pdf)
<use allnormalization.pdf>
Package pdftex.def Info: allnormalization.pdf  used on input line 530.
(pdftex.def)             Requested size: 300.46275pt x 214.6172pt.

Overfull \hbox (27.31354pt too wide) in paragraph at lines 530--531
 [][] 
 []


Overfull \hbox (6.06697pt too wide) in paragraph at lines 535--537
\OT1/ppl/m/n/12 smaller sub-trac-tion resid-u-als. The
 []


Underfull \hbox (badness 1043) in paragraph at lines 535--537
\OT1/ppl/m/n/12 dips in the nor-mal-iza-tion fac-
 []


Underfull \vbox (badness 10000) has occurred while \output is active []

 [26 <./allnormalization.pdf>]
<normfac.pdf, id=1290, 457.99231pt x 329.99538pt>
File: normfac.pdf Graphic file (type pdf)
<use normfac.pdf>
Package pdftex.def Info: normfac.pdf  used on input line 547.
(pdftex.def)             Requested size: 277.69916pt x 200.09848pt.

Overfull \hbox (4.54994pt too wide) in paragraph at lines 547--548
 [][] 
 []


Overfull \hbox (1.66406pt too wide) in paragraph at lines 553--556
[]\OT1/ppl/m/n/12 The star TYC[]7408[]0054[]1 is used
 []


Underfull \hbox (badness 1377) in paragraph at lines 553--556
\OT1/ppl/m/n/12 the stel-lar PSF from the to-tal
 []


Underfull \hbox (badness 1484) in paragraph at lines 553--556
\OT1/ppl/m/n/12 tral type K8Ve [[]], which is
 []


Underfull \hbox (badness 1014) in paragraph at lines 553--556
\OT1/ppl/m/n/12 ni-tude of RX J1615 [[]]. To-
 []

[27 <./normfac.pdf>] [28]
Chapter 5.
<twoADIS.pdf, id=1339, 575.99046pt x 304.97798pt>
File: twoADIS.pdf Graphic file (type pdf)
<use twoADIS.pdf>
Package pdftex.def Info: twoADIS.pdf  used on input line 564.
(pdftex.def)             Requested size: 455.24408pt x 241.05095pt.
[29

 <./twoADIS.pdf>]
<ADIwavelplot.pdf, id=1385, 957.45454pt x 272.51436pt>
File: ADIwavelplot.pdf Graphic file (type pdf)
<use ADIwavelplot.pdf>
Package pdftex.def Info: ADIwavelplot.pdf  used on input line 580.
(pdftex.def)             Requested size: 459.794pt x 130.86777pt.

Overfull \hbox (4.54993pt too wide) in paragraph at lines 580--581
 [][] 
 []

[30 <./ADIwavelplot.pdf>]
<SDI_tot.pdf, id=1442, 643.04303pt x 618.37274pt>
File: SDI_tot.pdf Graphic file (type pdf)
<use SDI_tot.pdf>
Package pdftex.def Info: SDI_tot.pdf  used on input line 590.
(pdftex.def)             Requested size: 227.62204pt x 218.88695pt.
 [31

 <./SDI_tot.pdf>]
<SDIwavelplot.pdf, id=1479, 957.45454pt x 272.51436pt>
File: SDIwavelplot.pdf Graphic file (type pdf)
<use SDIwavelplot.pdf>
Package pdftex.def Info: SDIwavelplot.pdf  used on input line 609.
(pdftex.def)             Requested size: 459.794pt x 130.86777pt.

Overfull \hbox (4.54993pt too wide) in paragraph at lines 609--610
 [][] 
 []

[32 <./SDIwavelplot.pdf>]
<RDI_tot_smallimcon.pdf, id=1535, 647.90494pt x 623.23465pt>
File: RDI_tot_smallimcon.pdf Graphic file (type pdf)
<use RDI_tot_smallimcon.pdf>
Package pdftex.def Info: RDI_tot_smallimcon.pdf  used on input line 622.
(pdftex.def)             Requested size: 232.17545pt x 223.33723pt.

Overfull \hbox (4.5534pt too wide) in paragraph at lines 622--623
 [][] 
 []


Underfull \hbox (badness 1902) in paragraph at lines 631--632
[]\OT1/ppl/m/n/12 The vari-a-tions in the disk sur-face
 []

<RDI_color_imcon.pdf, id=1538, 957.45454pt x 272.51436pt>
File: RDI_color_imcon.pdf Graphic file (type pdf)
<use RDI_color_imcon.pdf>
Package pdftex.def Info: RDI_color_imcon.pdf  used on input line 635.
(pdftex.def)             Requested size: 459.794pt x 130.86777pt.

Overfull \hbox (4.54993pt too wide) in paragraph at lines 635--636
 [][] 
 []

[33

 <./RDI_color_imcon.pdf> <./RDI_tot_smallimcon.pdf

pdfTeX warning: pdflatex (file ./RDI_tot_smallimcon.pdf): PDF inclusion: multip
le pdfs with page group included in a single page
>] [34

]
Chapter 6.
[35]
<coloroverazimangle.pdf, id=1632, 632.77652pt x 439.07602pt>
File: coloroverazimangle.pdf Graphic file (type pdf)
<use coloroverazimangle.pdf>
Package pdftex.def Info: coloroverazimangle.pdf  used on input line 654.
(pdftex.def)             Requested size: 409.71689pt x 284.30396pt.
 [36 <./coloroverazimangle.pdf>]
<colorregions.pdf, id=1697, 626.61606pt x 436.62938pt>
File: colorregions.pdf Graphic file (type pdf)
<use colorregions.pdf>
Package pdftex.def Info: colorregions.pdf  used on input line 670.
(pdftex.def)             Requested size: 409.71689pt x 285.49797pt.
<ADIregions.pdf, id=1702, 654.4241pt x 629.75388pt>
File: ADIregions.pdf Graphic file (type pdf)
<use ADIregions.pdf>
Package pdftex.def Info: ADIregions.pdf  used on input line 683.
(pdftex.def)             Requested size: 245.83263pt x 236.5607pt.
 [37 <./colorregions.pdf>]
Underfull \hbox (badness 2042) in paragraph at lines 689--691
\OT1/ppl/m/n/12 i-cal, since the sur-face bright-
 []


Underfull \hbox (badness 1424) in paragraph at lines 689--691
\OT1/ppl/m/n/12 be-hind this is the in-crease in
 []


Underfull \hbox (badness 1824) in paragraph at lines 692--692
[]\OT1/ppl/m/n/12 Calculating the ex-act er-ror
 []


Underfull \hbox (badness 2103) in paragraph at lines 692--692
\OT1/ppl/m/n/12 since it is hard to de-ter-mine
 []


Underfull \hbox (badness 2443) in paragraph at lines 692--692
\OT1/ppl/m/n/12 how much of the sig-nal is smoothed out due to the poor Strehl 
ra-tio and
 []


Underfull \hbox (badness 1418) in paragraph at lines 692--692
\OT1/ppl/m/n/12 how much self-subtraction is go-ing on dur-ing the dif-fer-ent 
pro-ce-dures. This
 []

<totflux.pdf, id=1756, 459.34845pt x 331.95583pt>
File: totflux.pdf Graphic file (type pdf)
<use totflux.pdf>
Package pdftex.def Info: totflux.pdf  used on input line 697.
(pdftex.def)             Requested size: 232.1785pt x 167.78578pt.

Underfull \hbox (badness 1221) in paragraph at lines 703--704
[]\OT1/ppl/m/n/12 is why er-ror bars are not in-
 []


Underfull \vbox (badness 2269) has occurred while \output is active []

 [38 <./ADIregions.pdf> <./totflux.pdf

pdfTeX warning: pdflatex (file ./totflux.pdf): PDF inclusion: multiple pdfs wit
h page group included in a single page
>]
<slopedifreg.pdf, id=1823, 467.41815pt x 332.4577pt>
File: slopedifreg.pdf Graphic file (type pdf)
<use slopedifreg.pdf>
Package pdftex.def Info: slopedifreg.pdf  used on input line 714.
(pdftex.def)             Requested size: 273.14922pt x 194.28151pt.

Underfull \hbox (badness 1168) in paragraph at lines 720--722
\OT1/ppl/m/n/12 dif-fer-ent re-gions of the out-er-
 []


Underfull \hbox (badness 1454) in paragraph at lines 720--722
\OT1/ppl/m/n/12 which is an in-di-ca-tion of the
 []


Underfull \hbox (badness 1231) in paragraph at lines 720--722
\OT1/ppl/m/n/12 and the RDI im-age has more
 []

[39 <./slopedifreg.pdf>] [40]
Chapter 7.
<hdadi.pdf, id=1876, 1281.48843pt x 1206.20718pt>
File: hdadi.pdf Graphic file (type pdf)
<use hdadi.pdf>
Package pdftex.def Info: hdadi.pdf  used on input line 729.
(pdftex.def)             Requested size: 273.14922pt x 257.10246pt.

Underfull \hbox (badness 1248) in paragraph at lines 735--737
\OT1/ppl/m/n/12 disk that has been pre-vi-ously
 []


Underfull \hbox (badness 2799) in paragraph at lines 735--737
\OT1/ppl/m/n/12 tured show-ing mul-ti-ple rings
 []


Underfull \hbox (badness 1983) in paragraph at lines 738--740
\OT1/ppl/m/n/12 duc-tion, the in-ner disk looks
 []

[41

 <./hdadi.pdf>] [42]
Chapter 8.
File: ifsjos.pdf Graphic file (type pdf)
<use ifsjos.pdf>
Package pdftex.def Info: ifsjos.pdf  used on input line 751.
(pdftex.def)             Requested size: 448.4157pt x 123.70918pt.
File: ADIwavelplot.pdf Graphic file (type pdf)
<use ADIwavelplot.pdf>
Package pdftex.def Info: ADIwavelplot.pdf  used on input line 752.
(pdftex.def)             Requested size: 455.24408pt x 129.57455pt.
[43

] [44]
Chapter 9.
[45

] [46

] (./Thesis.bbl
LaTeX Font Info:    Font shape `OT1/ppl/bx/n' in size <10.95> not available
(Font)              Font shape `OT1/ppl/b/n' tried instead on input line 6.
 [47


] [48]) [49]
Package mdframed Info: mdframed works in twoside mode on input line 788.
Package mdframed Info: mdframed works in twoside mode on input line 793.
Package mdframed Info: mdframed works in twoside mode on input line 799.
Package mdframed Info: mdframed works in twoside mode on input line 805.
Package mdframed Info: mdframed works in twoside mode on input line 818.
Package mdframed Info: mdframed works in twoside mode on input line 825.
 [50

]
Package mdframed Info: mdframed works in twoside mode on input line 833.
 [51]
<workflow.png, id=1999, 321.96284pt x 842.6682pt>
File: workflow.png Graphic file (type png)
<use workflow.png>
Package pdftex.def Info: workflow.png  used on input line 854.
(pdftex.def)             Requested size: 201.3147pt x 526.87964pt.
Package atveryend Info: Empty hook `BeforeClearDocument' on input line 859.
 [52

 <./workflow.png>]
Package atveryend Info: Empty hook `AfterLastShipout' on input line 859.

(./Thesis.aux)
Package atveryend Info: Executing hook `AtVeryEndDocument' on input line 859.
Package atveryend Info: Executing hook `AtEndAfterFileList' on input line 859.
Package rerunfilecheck Info: File `Thesis.out' has not changed.
(rerunfilecheck)             Checksum: 0A1702E362767B807656DE176EABBF41;2357.


LaTeX Warning: There were multiply-defined labels.

 ) 
Here is how much of TeX's memory you used:
 20740 strings out of 492982
 355449 string characters out of 6134897
 577694 words of memory out of 5000000
 23793 multiletter control sequences out of 15000+600000
 568289 words of font info for 115 fonts, out of 8000000 for 9000
 1141 hyphenation exceptions out of 8191
 43i,11n,65p,10416b,553s stack positions out of 5000i,500n,10000p,200000b,80000s
{/usr/share/texlive/texmf-dist/fonts/enc/dvips/base/8r.enc}</usr/share/texliv
e/texmf-dist/fonts/type1/public/amsfonts/cm/cmmi10.pfb></usr/share/texlive/texm
f-dist/fonts/type1/public/amsfonts/cm/cmr10.pfb></usr/share/texlive/texmf-dist/
fonts/type1/public/amsfonts/cm/cmsy10.pfb></usr/share/texlive/texmf-dist/fonts/
type1/public/mathpazo/fplmr.pfb></usr/share/texlive/texmf-dist/fonts/type1/publ
ic/mathpazo/fplmri.pfb></usr/share/texlive/texmf-dist/fonts/type1/urw/helvetic/
uhvr8a.pfb></usr/share/texlive/texmf-dist/fonts/type1/urw/palatino/uplb8a.pfb><
/usr/share/texlive/texmf-dist/fonts/type1/urw/palatino/uplb8a.pfb></usr/share/t
exlive/texmf-dist/fonts/type1/urw/palatino/uplr8a.pfb></usr/share/texlive/texmf
-dist/fonts/type1/urw/palatino/uplr8a.pfb></usr/share/texlive/texmf-dist/fonts/
type1/urw/palatino/uplri8a.pfb></usr/share/texlive/texmf-dist/fonts/type1/urw/t
imes/utmr8a.pfb>
Output written on Thesis.pdf (58 pages, 6820845 bytes).
PDF statistics:
 2086 PDF objects out of 2487 (max. 8388607)
 1172 compressed objects within 12 object streams
 179 named destinations out of 1000 (max. 500000)
 664 words of extra memory for PDF output out of 10000 (max. 10000000)

