\BOOKMARK [0][-]{chapter.1}{Introduction and Theory}{}% 1
\BOOKMARK [1][-]{section.1.1}{Protoplanetary disks}{chapter.1}% 2
\BOOKMARK [1][-]{section.1.2}{The object}{chapter.1}% 3
\BOOKMARK [0][-]{chapter.2}{Instrumentation}{}% 4
\BOOKMARK [1][-]{section.2.1}{SPHERE}{chapter.2}% 5
\BOOKMARK [2][-]{subsection.2.1.1}{Common path}{section.2.1}% 6
\BOOKMARK [2][-]{subsection.2.1.2}{IRDIS}{section.2.1}% 7
\BOOKMARK [1][-]{section.2.2}{Integral Field Spectroscope}{chapter.2}% 8
\BOOKMARK [2][-]{subsection.2.2.1}{IFU unit}{section.2.2}% 9
\BOOKMARK [2][-]{subsection.2.2.2}{Detector}{section.2.2}% 10
\BOOKMARK [2][-]{subsection.2.2.3}{Calibration devices}{section.2.2}% 11
\BOOKMARK [0][-]{chapter.3}{Methodology}{}% 12
\BOOKMARK [1][-]{section.3.1}{IFS reduction for dummies}{chapter.3}% 13
\BOOKMARK [2][-]{subsection.3.1.1}{Master dark}{section.3.1}% 14
\BOOKMARK [2][-]{subsection.3.1.2}{Detector flat}{section.3.1}% 15
\BOOKMARK [2][-]{subsection.3.1.3}{Instrument flat}{section.3.1}% 16
\BOOKMARK [2][-]{subsection.3.1.4}{Spectra positioning}{section.3.1}% 17
\BOOKMARK [2][-]{subsection.3.1.5}{Wavelength calibration}{section.3.1}% 18
\BOOKMARK [2][-]{subsection.3.1.6}{Science reduction}{section.3.1}% 19
\BOOKMARK [1][-]{section.3.2}{Post-processing methods}{chapter.3}% 20
\BOOKMARK [2][-]{subsection.3.2.1}{Centering}{section.3.2}% 21
\BOOKMARK [2][-]{subsection.3.2.2}{Angular differential imaging}{section.3.2}% 22
\BOOKMARK [2][-]{subsection.3.2.3}{Spectral differential imaging}{section.3.2}% 23
\BOOKMARK [0][-]{chapter.4}{Results}{}% 24
\BOOKMARK [1][-]{section.4.1}{ADI}{chapter.4}% 25
\BOOKMARK [1][-]{section.4.2}{SDI}{chapter.4}% 26
\BOOKMARK [1][-]{section.4.3}{Spectral analysis}{chapter.4}% 27
\BOOKMARK [2][-]{subsection.4.3.1}{Signal over wavelength}{section.4.3}% 28
\BOOKMARK [2][-]{subsection.4.3.2}{Signal over azimuthal angle}{section.4.3}% 29
\BOOKMARK [0][-]{chapter.5}{Discussion}{}% 30
\BOOKMARK [1][-]{section.5.1}{Comparing classical ADI with TLOCI}{chapter.5}% 31
\BOOKMARK [1][-]{section.5.2}{Comparing SDI and ADI results}{chapter.5}% 32
\BOOKMARK [1][-]{section.5.3}{Evaluation of SPHERE/IFS}{chapter.5}% 33
